<?xml version="1.0" encoding="UTF-8"?>
<!-- Generated by org.testng.reporters.JUnitReportReporter -->
<testsuite hostname="QT-INBG-LT1156" failures="0" tests="4" name="SignIn" time="9.940" errors="0" timestamp="2022-09-16T09:47:01 IST" skipped="0">
  <testcase classname="SignIn" name="launchBrowser" time="6.549"/>
  <system-out/>
  <testcase classname="SignIn" name="enterUserName" time="0.140"/>
  <system-out/>
  <testcase classname="SignIn" name="enterPassword" time="3.090"/>
  <system-out/>
  <testcase classname="SignIn" name="clickOnLogin" time="0.161"/>
  <system-out/>
</testsuite> <!-- SignIn -->
