<?xml version="1.0" encoding="UTF-8"?>
<!-- Generated by org.testng.reporters.JUnitReportReporter -->
<testsuite hostname="QT-INBG-LT1156" failures="0" tests="10" name="SignUp" time="7.603" errors="0" timestamp="2022-09-16T10:45:07 IST" skipped="0">
  <testcase classname="SignUp" name="launchBrowser" time="4.939"/>
  <system-out/>
  <testcase classname="SignUp" name="clickOnSignUp" time="0.793"/>
  <system-out/>
  <testcase classname="SignUp" name="enterFirstName" time="0.127"/>
  <system-out/>
  <testcase classname="SignUp" name="enterLastName" time="0.086"/>
  <system-out/>
  <testcase classname="SignUp" name="enterMail" time="0.117"/>
  <system-out/>
  <testcase classname="SignUp" name="enterPassword" time="0.099"/>
  <system-out/>
  <testcase classname="SignUp" name="enterDOB" time="0.083"/>
  <system-out/>
  <testcase classname="SignUp" name="selectGender" time="0.065"/>
  <system-out/>
  <testcase classname="SignUp" name="enterPhoneNumber" time="0.087"/>
  <system-out/>
  <testcase classname="SignUp" name="clickOnRegister" time="1.207"/>
  <system-out/>
</testsuite> <!-- SignUp -->
