<?xml version="1.0" encoding="UTF-8"?>
<!-- Generated by org.testng.reporters.JUnitReportReporter -->
<testsuite hostname="QT-INBG-LT1156" failures="0" tests="1" name="exam" time="8.076" errors="0" timestamp="2022-09-16T15:39:39 IST" skipped="0">
  <testcase classname="exam" name="sign" time="8.076"/>
  <system-out/>
</testsuite> <!-- exam -->
