<?xml version="1.0" encoding="UTF-8"?>
<!-- Generated by org.testng.reporters.JUnitReportReporter -->
<testsuite hostname="QT-INBG-LT1156" failures="0" tests="7" name="ContactUs" time="12.625" errors="0" timestamp="2022-09-16T12:28:48 IST" skipped="0">
  <testcase classname="ContactUs" name="launchBrowser" time="4.900"/>
  <system-out/>
  <testcase classname="ContactUs" name="clickContactUs" time="2.305"/>
  <system-out/>
  <testcase classname="ContactUs" name="enterName" time="0.080"/>
  <system-out/>
  <testcase classname="ContactUs" name="enterMail" time="0.071"/>
  <system-out/>
  <testcase classname="ContactUs" name="enterPhoneNumber" time="0.058"/>
  <system-out/>
  <testcase classname="ContactUs" name="enterMessage" time="5.077"/>
  <system-out/>
  <testcase classname="ContactUs" name="clickOnSend" time="0.134"/>
  <system-out/>
</testsuite> <!-- ContactUs -->
